{
  "RSpec": {
    "coverage": {
      "/Users/alexmccarroll/MakersWork/week-4/bookmark-manager/app.rb": [
        1,
        1,
        1,
        null,
        1,
        1,
        1,
        null,
        1,
        7,
        7,
        null,
        null,
        1,
        3,
        3,
        2,
        2,
        2,
        null,
        1,
        1,
        null,
        null,
        null,
        1,
        1,
        null,
        1,
        null,
        null,
        1,
        null
      ],
      "/Users/alexmccarroll/MakersWork/week-4/bookmark-manager/lib/list_of_links.rb": [
        null,
        1,
        1,
        1,
        null,
        1,
        1,
        null,
        1,
        45,
        45,
        45,
        null,
        null,
        1,
        null,
        11,
        56,
        null,
        null,
        1,
        7,
        null,
        null,
        1,
        4,
        3,
        null,
        null,
        null,
        1,
        2,
        2,
        null,
        null
      ],
      "/Users/alexmccarroll/MakersWork/week-4/bookmark-manager/lib/database_connection_setup.rb": [
        1,
        null,
        1,
        1,
        null,
        0,
        null
      ],
      "/Users/alexmccarroll/MakersWork/week-4/bookmark-manager/lib/database_connection.rb": [
        1,
        null,
        1,
        1,
        null,
        1,
        3,
        null,
        null,
        1,
        17,
        null,
        null
      ],
      "/Users/alexmccarroll/MakersWork/week-4/bookmark-manager/Rakefile.rb": [
        1,
        1,
        null,
        1,
        1,
        null,
        1,
        null,
        null,
        1,
        null,
        null,
        1,
        1,
        1,
        null,
        null,
        1,
        0,
        null,
        0,
        0,
        0,
        0,
        0,
        null,
        null,
        null,
        1,
        0,
        0,
        0,
        0,
        null,
        null
      ],
      "/Users/alexmccarroll/MakersWork/week-4/bookmark-manager/spec/database_connection_spec.rb": [
        1,
        null,
        1,
        null,
        1,
        1,
        1,
        1,
        null,
        null,
        null,
        1,
        1,
        1,
        1,
        1,
        null,
        null,
        null
      ],
      "/Users/alexmccarroll/MakersWork/week-4/bookmark-manager/spec/features/add_link_spec.rb": [
        1,
        null,
        1,
        1,
        1,
        1,
        1,
        1,
        1,
        null,
        null
      ],
      "/Users/alexmccarroll/MakersWork/week-4/bookmark-manager/spec/features/delete_link_spec.rb": [
        1,
        null,
        1,
        1,
        1,
        1,
        1,
        1,
        1,
        1,
        1,
        null,
        null
      ],
      "/Users/alexmccarroll/MakersWork/week-4/bookmark-manager/spec/features/validate_url_spec.rb": [
        1,
        null,
        1,
        1,
        1,
        1,
        1,
        1,
        1,
        null,
        null
      ],
      "/Users/alexmccarroll/MakersWork/week-4/bookmark-manager/spec/list_of_links_spec.rb": [
        1,
        null,
        1,
        1,
        1,
        1,
        1,
        1,
        1,
        1,
        null,
        null,
        null,
        1,
        1,
        1,
        1,
        1,
        1,
        null,
        null,
        1,
        1,
        1,
        1,
        1,
        null,
        null,
        null,
        1,
        1,
        1,
        1,
        1,
        1,
        null,
        null,
        null
      ]
    },
    "timestamp": 1521134328
  }
}
